2023-04-18 20:48:34 INFO  Log:15 - **
2023-04-18 20:48:34 INFO  Log:16 - **
2023-04-18 20:48:34 INFO  Log:17 - **This is the beginning of my Test case**
2023-04-18 20:48:34 INFO  Log:27 - My test case is executing right now
2023-04-18 20:48:34 INFO  Log:32 - My test case might have some trivial issues
2023-04-18 20:48:53 INFO  Log:27 - This test case is about to get completed
2023-04-18 20:48:53 INFO  Log:21 - ######################################
2023-04-18 20:48:53 INFO  Log:22 - ######################################
2023-04-18 20:48:53 INFO  Log:23 - #################This test case is finished#####################
2023-04-18 22:04:05 INFO  Log:16 - **
2023-04-18 22:04:05 INFO  Log:17 - **
2023-04-18 22:04:05 INFO  Log:18 - **This is the beginning of my Test case**
2023-04-18 22:04:05 INFO  Log:28 - My test case is executing right now
2023-04-18 22:04:05 INFO  Log:33 - My test case might have some trivial issues
2023-04-18 22:04:11 INFO  Log:28 - This test case is about to get completed
2023-04-18 22:04:11 INFO  Log:22 - ######################################
2023-04-18 22:04:11 INFO  Log:23 - ######################################
2023-04-18 22:04:11 INFO  Log:24 - #################This test case is finished#####################
2023-06-02 14:14:04 INFO  Log:16 - **
2023-06-02 14:14:04 INFO  Log:17 - **
2023-06-02 14:14:04 INFO  Log:18 - **This is the beginning of my Test case**
2023-06-02 14:14:04 INFO  Log:28 - My test case is executing right now
2023-06-02 14:14:04 INFO  Log:33 - My test case might have some trivial issues
2023-06-02 14:14:11 INFO  Log:28 - This test case is about to get completed
2023-06-02 14:14:11 INFO  Log:22 - ######################################
2023-06-02 14:14:11 INFO  Log:23 - ######################################
2023-06-02 14:14:11 INFO  Log:24 - #################This test case is finished#####################
